f:\project\电信平台sdk\software\telecomsdk\pro\vs\sdkdemo\sdkdemo\debug\vc141.pdb
f:\project\电信平台sdk\software\telecomsdk\pro\vs\sdkdemo\sdkdemo\debug\vc141.idb
f:\project\电信平台sdk\software\telecomsdk\pro\vs\sdkdemo\sdkdemo\debug\json.obj
f:\project\电信平台sdk\software\telecomsdk\pro\vs\sdkdemo\sdkdemo\debug\platformmc.obj
f:\project\电信平台sdk\software\telecomsdk\pro\vs\sdkdemo\sdkdemo\debug\platform.obj
f:\project\电信平台sdk\software\telecomsdk\pro\vs\sdkdemo\sdkdemo\debug\platformuser.obj
f:\project\电信平台sdk\software\telecomsdk\pro\vs\sdkdemo\sdkdemo\debug\main.obj
f:\project\电信平台sdk\software\telecomsdk\pro\vs\sdkdemo\sdkdemo\debug\base64.obj
f:\project\电信平台sdk\software\telecomsdk\pro\vs\sdkdemo\sdkdemo\debug\aes.obj
f:\project\电信平台sdk\software\telecomsdk\pro\vs\sdkdemo\sdkdemo\debug\putil.obj
f:\project\电信平台sdk\software\telecomsdk\pro\vs\sdkdemo\sdkdemo\debug\pprivate.obj
f:\project\电信平台sdk\software\telecomsdk\pro\vs\sdkdemo\sdkdemo\debug\psocket.obj
f:\project\电信平台sdk\software\telecomsdk\pro\vs\sdkdemo\sdkdemo\debug\connectionmanager.obj
f:\project\电信平台sdk\software\telecomsdk\pro\vs\sdkdemo\sdkdemo\debug\propertymanager.obj
f:\project\电信平台sdk\software\telecomsdk\pro\vs\sdkdemo\sdkdemo\debug\httprequest.obj
f:\project\电信平台sdk\software\telecomsdk\pro\vs\sdkdemo\sdkdemo\debug\platformota.obj
f:\project\电信平台sdk\software\telecomsdk\pro\vs\sdkdemo\sdkdemo\debug\minigw.obj
f:\project\电信平台sdk\software\telecomsdk\pro\vs\sdkdemo\sdkdemo\debug\padapter.obj
f:\project\电信平台sdk\software\telecomsdk\pro\vs\sdkdemo\debug\sdkdemo.exe
f:\project\电信平台sdk\software\telecomsdk\pro\vs\sdkdemo\debug\sdkdemo.ilk
f:\project\电信平台sdk\software\telecomsdk\pro\vs\sdkdemo\debug\sdkdemo.pdb
f:\project\电信平台sdk\software\telecomsdk\pro\vs\sdkdemo\sdkdemo\debug\sdkdemo.tlog\cl.command.1.tlog
f:\project\电信平台sdk\software\telecomsdk\pro\vs\sdkdemo\sdkdemo\debug\sdkdemo.tlog\cl.read.1.tlog
f:\project\电信平台sdk\software\telecomsdk\pro\vs\sdkdemo\sdkdemo\debug\sdkdemo.tlog\cl.write.1.tlog
f:\project\电信平台sdk\software\telecomsdk\pro\vs\sdkdemo\sdkdemo\debug\sdkdemo.tlog\link.command.1.tlog
f:\project\电信平台sdk\software\telecomsdk\pro\vs\sdkdemo\sdkdemo\debug\sdkdemo.tlog\link.read.1.tlog
f:\project\电信平台sdk\software\telecomsdk\pro\vs\sdkdemo\sdkdemo\debug\sdkdemo.tlog\link.write.1.tlog
